{"timestamp":"2025-09-29T11:19:25.436Z","level":"INFO","message":"User registration attempt","email":"test@example.com","role":"user","ip":"127.0.0.1","pid":63072,"memory":{"rss":41107456,"heapTotal":10461184,"heapUsed":9817040,"external":2049397,"arrayBuffers":20866}}
{"timestamp":"2025-09-29T11:21:47.857Z","level":"WARN","message":"Validation failed for user registration","errors":["Role must be either admin or user"],"email":"test@example.com","ip":"127.0.0.1","pid":63072,"memory":{"rss":44695552,"heapTotal":11247616,"heapUsed":10070792,"external":2053630,"arrayBuffers":25059}}
{"timestamp":"2025-09-29T11:24:04.931Z","level":"INFO","message":"User registration attempt","email":"test@example.com","role":"employee","ip":"127.0.0.1","pid":72563,"memory":{"rss":50110464,"heapTotal":10723328,"heapUsed":9873096,"external":2053583,"arrayBuffers":25052}}
{"timestamp":"2025-09-29T11:24:30.346Z","level":"INFO","message":"User registration attempt","email":"test@example.com","role":"employee","ip":"127.0.0.1","pid":72563,"memory":{"rss":50348032,"heapTotal":10723328,"heapUsed":9994280,"external":2053720,"arrayBuffers":25149}}
{"timestamp":"2025-09-29T11:24:41.401Z","level":"INFO","message":"User registration attempt","email":"test@example.com","role":"user","ip":"127.0.0.1","pid":72563,"memory":{"rss":50520064,"heapTotal":10723328,"heapUsed":10104984,"external":2053799,"arrayBuffers":25228}}
{"timestamp":"2025-09-29T13:36:46.433Z","level":"INFO","message":"WebSocket server initialized","pid":14762,"memory":{"rss":54497280,"heapTotal":19111936,"heapUsed":13750848,"external":2033539,"arrayBuffers":16659}}
{"timestamp":"2025-09-29T13:37:17.753Z","level":"INFO","message":"WebSocket server initialized","pid":15122,"memory":{"rss":54366208,"heapTotal":19111936,"heapUsed":13656096,"external":2033539,"arrayBuffers":16659}}
{"timestamp":"2025-09-29T19:21:51.399Z","level":"INFO","message":"WebSocket server initialized","pid":3771,"memory":{"rss":55177216,"heapTotal":19566592,"heapUsed":14043368,"external":2150471,"arrayBuffers":16835}}
{"timestamp":"2025-09-29T19:25:02.663Z","level":"INFO","message":"WebSocket server initialized","pid":5798,"memory":{"rss":54288384,"heapTotal":19042304,"heapUsed":13893080,"external":2150471,"arrayBuffers":16835}}
{"timestamp":"2025-09-29T19:28:28.282Z","level":"INFO","message":"WebSocket server initialized","pid":8076,"memory":{"rss":55070720,"heapTotal":19566592,"heapUsed":14010464,"external":2150471,"arrayBuffers":16835}}
{"timestamp":"2025-09-29T19:28:56.948Z","level":"INFO","message":"Checking first setup status","ip":"127.0.0.1","pid":8076,"memory":{"rss":48873472,"heapTotal":11771904,"heapUsed":10329496,"external":2179701,"arrayBuffers":16795}}
{"timestamp":"2025-09-29T19:28:56.955Z","level":"INFO","message":"API Response: System already configured","statusCode":200,"dataType":"object","hasData":true,"pid":8076,"memory":{"rss":49016832,"heapTotal":11771904,"heapUsed":10366872,"external":2179701,"arrayBuffers":16795}}
{"timestamp":"2025-09-29T19:28:56.967Z","level":"INFO","message":"Checking first setup status","ip":"127.0.0.1","pid":8076,"memory":{"rss":49348608,"heapTotal":11771904,"heapUsed":10452776,"external":2179701,"arrayBuffers":16795}}
{"timestamp":"2025-09-29T19:28:56.969Z","level":"INFO","message":"API Response: System already configured","statusCode":200,"dataType":"object","hasData":true,"pid":8076,"memory":{"rss":49401856,"heapTotal":11771904,"heapUsed":10477592,"external":2179701,"arrayBuffers":16795}}
{"timestamp":"2025-09-29T19:32:09.336Z","level":"INFO","message":"WebSocket server initialized","pid":11282,"memory":{"rss":54493184,"heapTotal":19111936,"heapUsed":14007560,"external":2150471,"arrayBuffers":16835}}
{"timestamp":"2025-09-29T20:31:00.808Z","level":"INFO","message":"WebSocket server initialized","pid":30418,"memory":{"rss":54329344,"heapTotal":19304448,"heapUsed":13828880,"external":2150471,"arrayBuffers":16835}}
{"timestamp":"2025-09-29T20:31:58.643Z","level":"INFO","message":"WebSocket server initialized","pid":30910,"memory":{"rss":54382592,"heapTotal":19566592,"heapUsed":13979272,"external":2150471,"arrayBuffers":16835}}
{"timestamp":"2025-09-29T20:34:43.947Z","level":"INFO","message":"WebSocket server initialized","pid":32171,"memory":{"rss":54517760,"heapTotal":19304448,"heapUsed":14040928,"external":2150471,"arrayBuffers":16835}}
{"timestamp":"2025-09-29T20:34:57.537Z","level":"INFO","message":"WebSocket server initialized","pid":32352,"memory":{"rss":54599680,"heapTotal":19111936,"heapUsed":13933648,"external":2150471,"arrayBuffers":16835}}
{"timestamp":"2025-09-29T20:35:11.152Z","level":"INFO","message":"WebSocket server initialized","pid":32498,"memory":{"rss":54464512,"heapTotal":19304448,"heapUsed":14169208,"external":2150471,"arrayBuffers":16835}}
{"timestamp":"2025-09-29T20:39:42.713Z","level":"INFO","message":"WebSocket server initialized","pid":34287,"memory":{"rss":54419456,"heapTotal":19566592,"heapUsed":14119680,"external":2150471,"arrayBuffers":16835}}
{"timestamp":"2025-09-29T20:39:54.060Z","level":"INFO","message":"WebSocket server initialized","pid":34431,"memory":{"rss":54505472,"heapTotal":19304448,"heapUsed":14071160,"external":2150471,"arrayBuffers":16835}}
{"timestamp":"2025-09-29T20:40:05.959Z","level":"INFO","message":"WebSocket server initialized","pid":34570,"memory":{"rss":55160832,"heapTotal":19304448,"heapUsed":14178832,"external":2150471,"arrayBuffers":16835}}
{"timestamp":"2025-09-30T15:51:15.592Z","level":"INFO","message":"WebSocket server initialized","pid":45279,"memory":{"rss":54087680,"heapTotal":19042304,"heapUsed":13627632,"external":2150471,"arrayBuffers":16835}}
{"timestamp":"2025-09-30T15:54:02.860Z","level":"INFO","message":"WebSocket server initialized","pid":46705,"memory":{"rss":54550528,"heapTotal":19042304,"heapUsed":13773648,"external":2150471,"arrayBuffers":16835}}
{"timestamp":"2025-09-30T15:55:24.830Z","level":"INFO","message":"WebSocket server initialized","pid":47999,"memory":{"rss":54710272,"heapTotal":19042304,"heapUsed":13715448,"external":2150471,"arrayBuffers":16835}}
{"timestamp":"2025-09-30T16:02:40.033Z","level":"INFO","message":"WebSocket server initialized","pid":51269,"memory":{"rss":53895168,"heapTotal":19374080,"heapUsed":13424544,"external":2150471,"arrayBuffers":16835}}
{"timestamp":"2025-09-30T16:02:52.676Z","level":"INFO","message":"WebSocket server initialized","pid":51429,"memory":{"rss":54415360,"heapTotal":19042304,"heapUsed":13896920,"external":2150471,"arrayBuffers":16835}}
{"timestamp":"2025-09-30T16:03:07.683Z","level":"INFO","message":"WebSocket server initialized","pid":51597,"memory":{"rss":54243328,"heapTotal":19111936,"heapUsed":13482024,"external":2150471,"arrayBuffers":16835}}
{"timestamp":"2025-09-30T16:09:19.279Z","level":"INFO","message":"WebSocket server initialized","pid":54280,"memory":{"rss":54800384,"heapTotal":19042304,"heapUsed":13720392,"external":2150471,"arrayBuffers":16835}}
{"timestamp":"2025-09-30T16:12:45.856Z","level":"INFO","message":"WebSocket server initialized","pid":55490,"memory":{"rss":54874112,"heapTotal":19304448,"heapUsed":13830512,"external":2150471,"arrayBuffers":16835}}
{"timestamp":"2025-09-30T16:12:59.889Z","level":"INFO","message":"WebSocket server initialized","pid":55661,"memory":{"rss":53972992,"heapTotal":19042304,"heapUsed":13671144,"external":2150471,"arrayBuffers":16835}}
{"timestamp":"2025-09-30T16:13:10.747Z","level":"INFO","message":"WebSocket server initialized","pid":55802,"memory":{"rss":54353920,"heapTotal":19042304,"heapUsed":13830952,"external":2150471,"arrayBuffers":16835}}
{"timestamp":"2025-09-30T16:14:58.788Z","level":"INFO","message":"WebSocket server initialized","pid":56367,"memory":{"rss":54562816,"heapTotal":19042304,"heapUsed":13707192,"external":2150471,"arrayBuffers":16835}}
{"timestamp":"2025-09-30T16:16:14.768Z","level":"INFO","message":"WebSocket server initialized","pid":57107,"memory":{"rss":54345728,"heapTotal":19042304,"heapUsed":13755888,"external":2150471,"arrayBuffers":16835}}
{"timestamp":"2025-09-30T16:16:35.629Z","level":"INFO","message":"WebSocket server initialized","pid":57483,"memory":{"rss":54796288,"heapTotal":18780160,"heapUsed":13747520,"external":2150471,"arrayBuffers":16835}}
{"timestamp":"2025-09-30T16:16:56.097Z","level":"INFO","message":"WebSocket server initialized","pid":57876,"memory":{"rss":54456320,"heapTotal":18849792,"heapUsed":13478416,"external":2150471,"arrayBuffers":16835}}
{"timestamp":"2025-09-30T16:17:26.963Z","level":"INFO","message":"WebSocket server initialized","pid":58471,"memory":{"rss":54415360,"heapTotal":19042304,"heapUsed":13727720,"external":2150471,"arrayBuffers":16835}}

